number,value,datetime_start,datetime_complete,duration,params_cat_smooth,params_colsample_bytree,params_feature_fraction_bynode,params_learning_rate,params_max_depth,params_min_child_samples,params_min_data_per_group,params_min_gain_to_split,params_n_estimators,params_num_leaves,params_reg_alpha,params_reg_lambda,params_subsample,params_subsample_freq,state
150,0.8624471164523884,2026-07-09 17:50:05.800161,2026-07-09 17:50:21.578023,0 days 00:00:15.777862,6.502450770890826,0.6265240556723228,0.9069655322368062,0.006771483503026163,14,17,55,0.07010189212717488,705,92,0.0007465814427952507,0.00013633621669328187,0.8598506984529055,9,COMPLETE
151,0.861888730483502,2026-07-09 17:50:21.596043,2026-07-09 17:50:27.992816,0 days 00:00:06.396773,51.97751415519695,0.38546971853042045,0.7876521958919621,0.01562463726714792,12,14,99,0.19761186761443145,898,62,0.011990070835067267,8.592230598298647e-06,0.9841117237815213,3,COMPLETE
152,0.8586931223072469,2026-07-09 17:50:28.005019,2026-07-09 17:50:37.931228,0 days 00:00:09.926209,11.802626478757407,0.5789364147879568,0.9983517820361054,0.010980727120250519,12,5,28,0.04047837547379328,1639,70,0.03579533012583905,0.04807298573240315,0.8400992606779157,9,COMPLETE
153,0.8591315564719503,2026-07-09 17:50:37.947249,2026-07-09 17:50:44.060243,0 days 00:00:06.112994,78.14064686887305,0.3952480052982425,0.9440110411842679,0.014653708130050883,12,11,86,0.03470901116093642,1201,47,0.00015838669730730708,1.460155318375758e-05,0.9797760195063699,8,COMPLETE
154,0.8573718604864327,2026-07-09 17:50:44.072694,2026-07-09 17:50:49.405383,0 days 00:00:05.332689,5.919475711083129,0.6990432538549483,0.8332786545528349,0.012248807284931499,15,6,14,0.3736238101963339,1019,28,0.00011102803862141707,0.13105307510959713,0.8554183981492982,8,COMPLETE
155,0.8632526017878147,2026-07-09 17:50:49.421403,2026-07-09 17:50:59.670952,0 days 00:00:10.249549,1.9134527654975482,0.5243385434032883,0.7794803506943058,0.008506976779450517,14,30,70,0.032383953226008705,1000,68,1.9323546439172863e-05,0.02227447084060198,0.7285247758140349,7,COMPLETE
156,0.8602033486398775,2026-07-09 17:50:59.684974,2026-07-09 17:51:05.339065,0 days 00:00:05.654091,27.86857619624035,0.5925619967027033,0.9444436501044313,0.012167011975185505,12,13,10,0.011386722160723568,1721,21,0.010889513085542334,0.9148642795935354,0.9815275747392412,10,COMPLETE
157,0.8635154848278216,2026-07-09 17:51:05.351545,2026-07-09 17:51:12.357984,0 days 00:00:07.006439,19.840814017146123,0.7648341196043452,0.8788782426380356,0.005018527658020379,15,11,52,0.07709873378308017,654,19,0.000725043848341754,0.0021523049008102977,0.8531539015642203,10,COMPLETE
158,0.8623494524184203,2026-07-09 17:51:12.374004,2026-07-09 17:51:19.268220,0 days 00:00:06.894216,2.72685047067535,0.6375757100744903,0.9955997318609988,0.012173014452838811,11,11,91,0.334638698852051,249,76,2.5553298131398496e-05,0.013279362609239998,0.9781098354900285,8,COMPLETE
159,0.861398575595171,2026-07-09 17:51:19.280236,2026-07-09 17:51:33.162705,0 days 00:00:13.882469,15.199671989548232,0.5207642150721896,0.8840197857582326,0.006346136804178548,15,12,24,0.45355424767049557,1282,69,5.656421015928194e-06,0.09673904420537134,0.8582911774097842,8,COMPLETE
160,0.8617553120485949,2026-07-09 17:51:33.178724,2026-07-09 17:51:36.979836,0 days 00:00:03.801112,1.4174249044191345,0.9869594311628245,0.7521737698329173,0.015372315838364558,15,9,24,0.6365335666389603,1345,18,2.0115178809322962e-05,0.06636484042579195,0.9957707886027013,6,COMPLETE
161,0.8617661802141929,2026-07-09 17:51:36.991851,2026-07-09 17:51:40.726637,0 days 00:00:03.734786,1.7864363503593574,0.7563009303694856,0.9009712821429811,0.022171670582559352,15,14,49,0.2522942516330729,1004,29,5.597585782250009e-05,0.09191226686148352,0.9394257071316219,10,COMPLETE
162,0.8601995062115095,2026-07-09 17:51:40.740656,2026-07-09 17:51:53.051960,0 days 00:00:12.311304,4.471671966023915,0.5912367053909607,0.6879488299037431,0.005455751316753349,15,13,22,0.4307766378076544,1110,34,0.017634295931588786,0.04703641554029222,0.9344087042802961,8,COMPLETE
163,0.8598460644801742,2026-07-09 17:51:53.067982,2026-07-09 17:52:09.095514,0 days 00:00:16.027532,26.603198820626915,0.3116230988784121,0.882459464004246,0.006108671696002521,8,8,66,0.3238792450693022,1310,153,0.0006761019593848944,0.04020798615101626,0.9706916556652273,8,COMPLETE
164,,2026-07-09 17:52:09.109532,,,1.0168468059449192,0.4894488138249312,0.8501740869454204,0.006726202477081366,15,11,54,0.5982139816542024,1348,65,0.0012996534779112106,0.0326887698478471,0.9956026752670515,8,RUNNING
